<?xml version="1.0" encoding="UTF-8"?>
<testng-results ignored="0" total="1" passed="1" failed="0" skipped="0">
  <reporter-output>
  </reporter-output>
  <suite started-at="2023-02-08T21:36:25 CAT" name="Default suite" finished-at="2023-02-08T21:36:40 CAT" duration-ms="14829">
    <groups>
    </groups>
    <test started-at="2023-02-08T21:36:25 CAT" name="Default test" finished-at="2023-02-08T21:36:40 CAT" duration-ms="14829">
      <class name="sams.work.rssbEvaluation.TC_01_SuccessfulLogin">
        <test-method is-config="true" signature="beforeMethod()[pri:0, instance:sams.work.rssbEvaluation.TC_01_SuccessfulLogin@69da0b12]" started-at="2023-02-08T21:36:25 CAT" name="beforeMethod" finished-at="2023-02-08T21:36:31 CAT" duration-ms="5866" status="PASS">
          <reporter-output>
          </reporter-output>
        </test-method> <!-- beforeMethod -->
        <test-method signature="validLogin()[pri:0, instance:sams.work.rssbEvaluation.TC_01_SuccessfulLogin@69da0b12]" started-at="2023-02-08T21:36:31 CAT" name="validLogin" finished-at="2023-02-08T21:36:40 CAT" duration-ms="8832" status="PASS">
          <reporter-output>
          </reporter-output>
        </test-method> <!-- validLogin -->
        <test-method is-config="true" signature="afterMethod()[pri:0, instance:sams.work.rssbEvaluation.TC_01_SuccessfulLogin@69da0b12]" started-at="2023-02-08T21:36:40 CAT" name="afterMethod" finished-at="2023-02-08T21:36:40 CAT" duration-ms="111" status="PASS">
          <reporter-output>
          </reporter-output>
        </test-method> <!-- afterMethod -->
      </class> <!-- sams.work.rssbEvaluation.TC_01_SuccessfulLogin -->
    </test> <!-- Default test -->
  </suite> <!-- Default suite -->
</testng-results>
